# JRE version: OpenJDK Runtime Environment (8.0_242-b01) (build 1.8.0_242-release-1644-b01)
# Java VM: OpenJDK 64-Bit Server VM (25.242-b01 mixed mode windows-amd64 compressed oops)
Heap:
 PSYoungGen      total 185856K, used 144447K [0x00000000e0000000, 0x00000000ed600000, 0x0000000100000000)
  eden space 174592K, 76% used [0x00000000e0000000,0x00000000e8211eb8,0x00000000eaa80000)
  from space 11264K, 99% used [0x00000000ecb00000,0x00000000ed5fdf68,0x00000000ed600000)
  to   space 13312K, 0% used [0x00000000ebc00000,0x00000000ebc00000,0x00000000ec900000)
 ParOldGen       total 108032K, used 19971K [0x00000000a0000000, 0x00000000a6980000, 0x00000000e0000000)
  object space 108032K, 18% used [0x00000000a0000000,0x00000000a1380fd8,0x00000000a6980000)
 Metaspace       used 54857K, capacity 57090K, committed 57384K, reserved 1099776K
  class space    used 7453K, capacity 7906K, committed 7976K, reserved 1048576K
GC Heap History (10 events):
Event: 5.014 GC heap before
{Heap before GC invocations=6 (full 1):
 PSYoungGen      total 106496K, used 7044K [0x00000000e0000000, 0x00000000ed600000, 0x0000000100000000)
  eden space 98304K, 0% used [0x00000000e0000000,0x00000000e0000000,0x00000000e6000000)
  from space 8192K, 85% used [0x00000000e6000000,0x00000000e66e1050,0x00000000e6800000)
  to   space 11264K, 0% used [0x00000000ecb00000,0x00000000ecb00000,0x00000000ed600000)
 ParOldGen       total 131072K, used 2925K [0x00000000a0000000, 0x00000000a8000000, 0x00000000e0000000)
  object space 131072K, 2% used [0x00000000a0000000,0x00000000a02db440,0x00000000a8000000)
 Metaspace       used 20588K, capacity 21236K, committed 21296K, reserved 1067008K
  class space    used 2875K, capacity 3080K, committed 3120K, reserved 1048576K
Event: 5.057 GC heap after
Heap after GC invocations=6 (full 1):
 PSYoungGen      total 106496K, used 0K [0x00000000e0000000, 0x00000000ed600000, 0x0000000100000000)
  eden space 98304K, 0% used [0x00000000e0000000,0x00000000e0000000,0x00000000e6000000)
  from space 8192K, 0% used [0x00000000e6000000,0x00000000e6000000,0x00000000e6800000)
  to   space 11264K, 0% used [0x00000000ecb00000,0x00000000ecb00000,0x00000000ed600000)
 ParOldGen       total 68608K, used 7382K [0x00000000a0000000, 0x00000000a4300000, 0x00000000e0000000)
  object space 68608K, 10% used [0x00000000a0000000,0x00000000a0735910,0x00000000a4300000)
 Metaspace       used 20588K, capacity 21236K, committed 21296K, reserved 1067008K
  class space    used 2875K, capacity 3080K, committed 3120K, reserved 1048576K
}
Event: 6.558 GC heap before
{Heap before GC invocations=7 (full 1):
 PSYoungGen      total 106496K, used 98304K [0x00000000e0000000, 0x00000000ed600000, 0x0000000100000000)
  eden space 98304K, 100% used [0x00000000e0000000,0x00000000e6000000,0x00000000e6000000)
  from space 8192K, 0% used [0x00000000e6000000,0x00000000e6000000,0x00000000e6800000)
  to   space 11264K, 0% used [0x00000000ecb00000,0x00000000ecb00000,0x00000000ed600000)
 ParOldGen       total 68608K, used 7382K [0x00000000a0000000, 0x00000000a4300000, 0x00000000e0000000)
  object space 68608K, 10% used [0x00000000a0000000,0x00000000a0735910,0x00000000a4300000)
 Metaspace       used 31357K, capacity 32262K, committed 32432K, reserved 1077248K
  class space    used 4257K, capacity 4472K, committed 4528K, reserved 1048576K
Event: 6.576 GC heap after
Heap after GC invocations=7 (full 1):
 PSYoungGen      total 185856K, used 11255K [0x00000000e0000000, 0x00000000ed600000, 0x0000000100000000)
  eden space 174592K, 0% used [0x00000000e0000000,0x00000000e0000000,0x00000000eaa80000)
  from space 11264K, 99% used [0x00000000ecb00000,0x00000000ed5fdcc0,0x00000000ed600000)
  to   space 13312K, 0% used [0x00000000ebc00000,0x00000000ebc00000,0x00000000ec900000)
 ParOldGen       total 68608K, used 7590K [0x00000000a0000000, 0x00000000a4300000, 0x00000000e0000000)
  object space 68608K, 11% used [0x00000000a0000000,0x00000000a0769980,0x00000000a4300000)
 Metaspace       used 31357K, capacity 32262K, committed 32432K, reserved 1077248K
  class space    used 4257K, capacity 4472K, committed 4528K, reserved 1048576K
}
Event: 7.464 GC heap before
{Heap before GC invocations=8 (full 1):
 PSYoungGen      total 185856K, used 73516K [0x00000000e0000000, 0x00000000ed600000, 0x0000000100000000)
  eden space 174592K, 35% used [0x00000000e0000000,0x00000000e3ccd3b0,0x00000000eaa80000)
  from space 11264K, 99% used [0x00000000ecb00000,0x00000000ed5fdcc0,0x00000000ed600000)
  to   space 13312K, 0% used [0x00000000ebc00000,0x00000000ebc00000,0x00000000ec900000)
 ParOldGen       total 68608K, used 7590K [0x00000000a0000000, 0x00000000a4300000, 0x00000000e0000000)
  object space 68608K, 11% used [0x00000000a0000000,0x00000000a0769980,0x00000000a4300000)
 Metaspace       used 34314K, capacity 35426K, committed 35496K, reserved 1079296K
  class space    used 4717K, capacity 5006K, committed 5032K, reserved 1048576K
Event: 7.481 GC heap after
Heap after GC invocations=8 (full 1):
 PSYoungGen      total 187904K, used 9459K [0x00000000e0000000, 0x00000000ed600000, 0x0000000100000000)
  eden space 174592K, 0% used [0x00000000e0000000,0x00000000e0000000,0x00000000eaa80000)
  from space 13312K, 71% used [0x00000000ebc00000,0x00000000ec53cf38,0x00000000ec900000)
  to   space 11264K, 0% used [0x00000000ecb00000,0x00000000ecb00000,0x00000000ed600000)
 ParOldGen       total 68608K, used 7598K [0x00000000a0000000, 0x00000000a4300000, 0x00000000e0000000)
  object space 68608K, 11% used [0x00000000a0000000,0x00000000a076b980,0x00000000a4300000)
 Metaspace       used 34314K, capacity 35426K, committed 35496K, reserved 1079296K
  class space    used 4717K, capacity 5006K, committed 5032K, reserved 1048576K
}
Event: 7.481 GC heap before
{Heap before GC invocations=9 (full 2):
 PSYoungGen      total 187904K, used 9459K [0x00000000e0000000, 0x00000000ed600000, 0x0000000100000000)
  eden space 174592K, 0% used [0x00000000e0000000,0x00000000e0000000,0x00000000eaa80000)
  from space 13312K, 71% used [0x00000000ebc00000,0x00000000ec53cf38,0x00000000ec900000)
  to   space 11264K, 0% used [0x00000000ecb00000,0x00000000ecb00000,0x00000000ed600000)
 ParOldGen       total 68608K, used 7598K [0x00000000a0000000, 0x00000000a4300000, 0x00000000e0000000)
  object space 68608K, 11% used [0x00000000a0000000,0x00000000a076b980,0x00000000a4300000)
 Metaspace       used 34314K, capacity 35426K, committed 35496K, reserved 1079296K
  class space    used 4717K, capacity 5006K, committed 5032K, reserved 1048576K
Event: 7.607 GC heap after
Heap after GC invocations=9 (full 2):
 PSYoungGen      total 187904K, used 0K [0x00000000e0000000, 0x00000000ed600000, 0x0000000100000000)
  eden space 174592K, 0% used [0x00000000e0000000,0x00000000e0000000,0x00000000eaa80000)
  from space 13312K, 0% used [0x00000000ebc00000,0x00000000ebc00000,0x00000000ec900000)
  to   space 11264K, 0% used [0x00000000ecb00000,0x00000000ecb00000,0x00000000ed600000)
 ParOldGen       total 108032K, used 15751K [0x00000000a0000000, 0x00000000a6980000, 0x00000000e0000000)
  object space 108032K, 14% used [0x00000000a0000000,0x00000000a0f61d20,0x00000000a6980000)
 Metaspace       used 34314K, capacity 35426K, committed 35496K, reserved 1079296K
  class space    used 4717K, capacity 5006K, committed 5032K, reserved 1048576K
}
Event: 10.205 GC heap before
{Heap before GC invocations=10 (full 2):
 PSYoungGen      total 187904K, used 174592K [0x00000000e0000000, 0x00000000ed600000, 0x0000000100000000)
  eden space 174592K, 100% used [0x00000000e0000000,0x00000000eaa80000,0x00000000eaa80000)
  from space 13312K, 0% used [0x00000000ebc00000,0x00000000ebc00000,0x00000000ec900000)
  to   space 11264K, 0% used [0x00000000ecb00000,0x00000000ecb00000,0x00000000ed600000)
 ParOldGen       total 108032K, used 15751K [0x00000000a0000000, 0x00000000a6980000, 0x00000000e0000000)
  object space 108032K, 14% used [0x00000000a0000000,0x00000000a0f61d20,0x00000000a6980000)
 Metaspace       used 45092K, capacity 46896K, committed 47272K, reserved 1089536K
  class space    used 6085K, capacity 6441K, committed 6568K, reserved 1048576K
Event: 10.226 GC heap after
Heap after GC invocations=10 (full 2):
 PSYoungGen      total 185856K, used 11255K [0x00000000e0000000, 0x00000000ed600000, 0x0000000100000000)
  eden space 174592K, 0% used [0x00000000e0000000,0x00000000e0000000,0x00000000eaa80000)
  from space 11264K, 99% used [0x00000000ecb00000,0x00000000ed5fdf68,0x00000000ed600000)
  to   space 13312K, 0% used [0x00000000ebc00000,0x00000000ebc00000,0x00000000ec900000)
 ParOldGen       total 108032K, used 19971K [0x00000000a0000000, 0x00000000a6980000, 0x00000000e0000000)
  object space 108032K, 18% used [0x00000000a0000000,0x00000000a1380fd8,0x00000000a6980000)
 Metaspace       used 45092K, capacity 46896K, committed 47272K, reserved 1089536K
  class space    used 6085K, capacity 6441K, committed 6568K, reserved 1048576K
}

