# JRE version: OpenJDK Runtime Environment (8.0_242-b01) (build 1.8.0_242-release-1644-b01)
# Java VM: OpenJDK 64-Bit Server VM (25.242-b01 mixed mode windows-amd64 compressed oops)
Heap:
 PSYoungGen      total 220672K, used 23998K [0x00000000e0000000, 0x00000000eec80000, 0x0000000100000000)
  eden space 201728K, 11% used [0x00000000e0000000,0x00000000e176f908,0x00000000ec500000)
  from space 18944K, 0% used [0x00000000ec500000,0x00000000ec500000,0x00000000ed780000)
  to   space 13312K, 0% used [0x00000000ed780000,0x00000000ed780000,0x00000000ee480000)
 ParOldGen       total 98816K, used 33695K [0x00000000a0000000, 0x00000000a6080000, 0x00000000e0000000)
  object space 98816K, 34% used [0x00000000a0000000,0x00000000a20e7eb0,0x00000000a6080000)
 Metaspace       used 58545K, capacity 60850K, committed 61080K, reserved 1101824K
  class space    used 8086K, capacity 8580K, committed 8624K, reserved 1048576K
GC Heap History (10 events):
Event: 8.110 GC heap before
{Heap before GC invocations=10 (full 2):
 PSYoungGen      total 171520K, used 7669K [0x00000000e0000000, 0x00000000ebc00000, 0x0000000100000000)
  eden space 158720K, 0% used [0x00000000e0000000,0x00000000e0000000,0x00000000e9b00000)
  from space 12800K, 59% used [0x00000000ea700000,0x00000000eae7d520,0x00000000eb380000)
  to   space 12288K, 0% used [0x00000000e9b00000,0x00000000e9b00000,0x00000000ea700000)
 ParOldGen       total 67584K, used 7445K [0x00000000a0000000, 0x00000000a4200000, 0x00000000e0000000)
  object space 67584K, 11% used [0x00000000a0000000,0x00000000a0745588,0x00000000a4200000)
 Metaspace       used 34335K, capacity 35426K, committed 35496K, reserved 1079296K
  class space    used 4724K, capacity 5006K, committed 5040K, reserved 1048576K
Event: 8.247 GC heap after
Heap after GC invocations=10 (full 2):
 PSYoungGen      total 171520K, used 0K [0x00000000e0000000, 0x00000000ebc00000, 0x0000000100000000)
  eden space 158720K, 0% used [0x00000000e0000000,0x00000000e0000000,0x00000000e9b00000)
  from space 12800K, 0% used [0x00000000ea700000,0x00000000ea700000,0x00000000eb380000)
  to   space 12288K, 0% used [0x00000000e9b00000,0x00000000e9b00000,0x00000000ea700000)
 ParOldGen       total 98816K, used 14064K [0x00000000a0000000, 0x00000000a6080000, 0x00000000e0000000)
  object space 98816K, 14% used [0x00000000a0000000,0x00000000a0dbc1c8,0x00000000a6080000)
 Metaspace       used 34335K, capacity 35426K, committed 35496K, reserved 1079296K
  class space    used 4724K, capacity 5006K, committed 5040K, reserved 1048576K
}
Event: 10.429 GC heap before
{Heap before GC invocations=11 (full 2):
 PSYoungGen      total 171520K, used 158720K [0x00000000e0000000, 0x00000000ebc00000, 0x0000000100000000)
  eden space 158720K, 100% used [0x00000000e0000000,0x00000000e9b00000,0x00000000e9b00000)
  from space 12800K, 0% used [0x00000000ea700000,0x00000000ea700000,0x00000000eb380000)
  to   space 12288K, 0% used [0x00000000e9b00000,0x00000000e9b00000,0x00000000ea700000)
 ParOldGen       total 98816K, used 14064K [0x00000000a0000000, 0x00000000a6080000, 0x00000000e0000000)
  object space 98816K, 14% used [0x00000000a0000000,0x00000000a0dbc1c8,0x00000000a6080000)
 Metaspace       used 41378K, capacity 43152K, committed 43432K, reserved 1087488K
  class space    used 5650K, capacity 6001K, committed 6064K, reserved 1048576K
Event: 10.446 GC heap after
Heap after GC invocations=11 (full 2):
 PSYoungGen      total 171008K, used 11797K [0x00000000e0000000, 0x00000000ee480000, 0x0000000100000000)
  eden space 158720K, 0% used [0x00000000e0000000,0x00000000e0000000,0x00000000e9b00000)
  from space 12288K, 96% used [0x00000000e9b00000,0x00000000ea6855c0,0x00000000ea700000)
  to   space 13312K, 0% used [0x00000000ed780000,0x00000000ed780000,0x00000000ee480000)
 ParOldGen       total 98816K, used 14072K [0x00000000a0000000, 0x00000000a6080000, 0x00000000e0000000)
  object space 98816K, 14% used [0x00000000a0000000,0x00000000a0dbe1c8,0x00000000a6080000)
 Metaspace       used 41378K, capacity 43152K, committed 43432K, reserved 1087488K
  class space    used 5650K, capacity 6001K, committed 6064K, reserved 1048576K
}
Event: 14.244 GC heap before
{Heap before GC invocations=12 (full 2):
 PSYoungGen      total 171008K, used 170517K [0x00000000e0000000, 0x00000000ee480000, 0x0000000100000000)
  eden space 158720K, 100% used [0x00000000e0000000,0x00000000e9b00000,0x00000000e9b00000)
  from space 12288K, 96% used [0x00000000e9b00000,0x00000000ea6855c0,0x00000000ea700000)
  to   space 13312K, 0% used [0x00000000ed780000,0x00000000ed780000,0x00000000ee480000)
 ParOldGen       total 98816K, used 14072K [0x00000000a0000000, 0x00000000a6080000, 0x00000000e0000000)
  object space 98816K, 14% used [0x00000000a0000000,0x00000000a0dbe1c8,0x00000000a6080000)
 Metaspace       used 54745K, capacity 56868K, committed 57128K, reserved 1097728K
  class space    used 7448K, capacity 7901K, committed 7984K, reserved 1048576K
Event: 14.300 GC heap after
Heap after GC invocations=12 (full 2):
 PSYoungGen      total 215040K, used 13308K [0x00000000e0000000, 0x00000000eec80000, 0x0000000100000000)
  eden space 201728K, 0% used [0x00000000e0000000,0x00000000e0000000,0x00000000ec500000)
  from space 13312K, 99% used [0x00000000ed780000,0x00000000ee47f320,0x00000000ee480000)
  to   space 18944K, 0% used [0x00000000ec500000,0x00000000ec500000,0x00000000ed780000)
 ParOldGen       total 98816K, used 25844K [0x00000000a0000000, 0x00000000a6080000, 0x00000000e0000000)
  object space 98816K, 26% used [0x00000000a0000000,0x00000000a193d1e0,0x00000000a6080000)
 Metaspace       used 54745K, capacity 56868K, committed 57128K, reserved 1097728K
  class space    used 7448K, capacity 7901K, committed 7984K, reserved 1048576K
}
Event: 15.436 GC heap before
{Heap before GC invocations=13 (full 2):
 PSYoungGen      total 215040K, used 74577K [0x00000000e0000000, 0x00000000eec80000, 0x0000000100000000)
  eden space 201728K, 30% used [0x00000000e0000000,0x00000000e3bd5480,0x00000000ec500000)
  from space 13312K, 99% used [0x00000000ed780000,0x00000000ee47f320,0x00000000ee480000)
  to   space 18944K, 0% used [0x00000000ec500000,0x00000000ec500000,0x00000000ed780000)
 ParOldGen       total 98816K, used 25844K [0x00000000a0000000, 0x00000000a6080000, 0x00000000e0000000)
  object space 98816K, 26% used [0x00000000a0000000,0x00000000a193d1e0,0x00000000a6080000)
 Metaspace       used 56811K, capacity 59074K, committed 59160K, reserved 1099776K
  class space    used 7766K, capacity 8222K, committed 8240K, reserved 1048576K
Event: 15.470 GC heap after
Heap after GC invocations=13 (full 2):
 PSYoungGen      total 220672K, used 14564K [0x00000000e0000000, 0x00000000eec80000, 0x0000000100000000)
  eden space 201728K, 0% used [0x00000000e0000000,0x00000000e0000000,0x00000000ec500000)
  from space 18944K, 76% used [0x00000000ec500000,0x00000000ed339228,0x00000000ed780000)
  to   space 13312K, 0% used [0x00000000ed780000,0x00000000ed780000,0x00000000ee480000)
 ParOldGen       total 98816K, used 29682K [0x00000000a0000000, 0x00000000a6080000, 0x00000000e0000000)
  object space 98816K, 30% used [0x00000000a0000000,0x00000000a1cfcb98,0x00000000a6080000)
 Metaspace       used 56811K, capacity 59074K, committed 59160K, reserved 1099776K
  class space    used 7766K, capacity 8222K, committed 8240K, reserved 1048576K
}
Event: 15.470 GC heap before
{Heap before GC invocations=14 (full 3):
 PSYoungGen      total 220672K, used 14564K [0x00000000e0000000, 0x00000000eec80000, 0x0000000100000000)
  eden space 201728K, 0% used [0x00000000e0000000,0x00000000e0000000,0x00000000ec500000)
  from space 18944K, 76% used [0x00000000ec500000,0x00000000ed339228,0x00000000ed780000)
  to   space 13312K, 0% used [0x00000000ed780000,0x00000000ed780000,0x00000000ee480000)
 ParOldGen       total 98816K, used 29682K [0x00000000a0000000, 0x00000000a6080000, 0x00000000e0000000)
  object space 98816K, 30% used [0x00000000a0000000,0x00000000a1cfcb98,0x00000000a6080000)
 Metaspace       used 56811K, capacity 59074K, committed 59160K, reserved 1099776K
  class space    used 7766K, capacity 8222K, committed 8240K, reserved 1048576K
Event: 15.836 GC heap after
Heap after GC invocations=14 (full 3):
 PSYoungGen      total 220672K, used 0K [0x00000000e0000000, 0x00000000eec80000, 0x0000000100000000)
  eden space 201728K, 0% used [0x00000000e0000000,0x00000000e0000000,0x00000000ec500000)
  from space 18944K, 0% used [0x00000000ec500000,0x00000000ec500000,0x00000000ed780000)
  to   space 13312K, 0% used [0x00000000ed780000,0x00000000ed780000,0x00000000ee480000)
 ParOldGen       total 98816K, used 33695K [0x00000000a0000000, 0x00000000a6080000, 0x00000000e0000000)
  object space 98816K, 34% used [0x00000000a0000000,0x00000000a20e7eb0,0x00000000a6080000)
 Metaspace       used 56805K, capacity 59056K, committed 59160K, reserved 1099776K
  class space    used 7764K, capacity 8219K, committed 8240K, reserved 1048576K
}

