# JRE version: OpenJDK Runtime Environment (8.0_242-b01) (build 1.8.0_242-release-1644-b01)
# Java VM: OpenJDK 64-Bit Server VM (25.242-b01 mixed mode windows-amd64 compressed oops)
Heap:
 PSYoungGen      total 336896K, used 83747K [0x00000000e0000000, 0x00000000f5f00000, 0x0000000100000000)
  eden space 323584K, 21% used [0x00000000e0000000,0x00000000e44c8fb8,0x00000000f3c00000)
  from space 13312K, 99% used [0x00000000f4c00000,0x00000000f58ffcb0,0x00000000f5900000)
  to   space 16384K, 0% used [0x00000000f3c00000,0x00000000f3c00000,0x00000000f4c00000)
 ParOldGen       total 89088K, used 19708K [0x00000000a0000000, 0x00000000a5700000, 0x00000000e0000000)
  object space 89088K, 22% used [0x00000000a0000000,0x00000000a133f390,0x00000000a5700000)
 Metaspace       used 50906K, capacity 52820K, committed 53032K, reserved 1095680K
  class space    used 6794K, capacity 7173K, committed 7208K, reserved 1048576K
GC Heap History (10 events):
Event: 9.293 GC heap before
{Heap before GC invocations=6 (full 1):
 PSYoungGen      total 106496K, used 7013K [0x00000000e0000000, 0x00000000ed600000, 0x0000000100000000)
  eden space 98304K, 0% used [0x00000000e0000000,0x00000000e0000000,0x00000000e6000000)
  from space 8192K, 85% used [0x00000000e6000000,0x00000000e66d9470,0x00000000e6800000)
  to   space 11264K, 0% used [0x00000000ecb00000,0x00000000ecb00000,0x00000000ed600000)
 ParOldGen       total 131072K, used 2918K [0x00000000a0000000, 0x00000000a8000000, 0x00000000e0000000)
  object space 131072K, 2% used [0x00000000a0000000,0x00000000a02d9908,0x00000000a8000000)
 Metaspace       used 20627K, capacity 21236K, committed 21296K, reserved 1067008K
  class space    used 2875K, capacity 3080K, committed 3120K, reserved 1048576K
Event: 9.356 GC heap after
Heap after GC invocations=6 (full 1):
 PSYoungGen      total 106496K, used 0K [0x00000000e0000000, 0x00000000ed600000, 0x0000000100000000)
  eden space 98304K, 0% used [0x00000000e0000000,0x00000000e0000000,0x00000000e6000000)
  from space 8192K, 0% used [0x00000000e6000000,0x00000000e6000000,0x00000000e6800000)
  to   space 11264K, 0% used [0x00000000ecb00000,0x00000000ecb00000,0x00000000ed600000)
 ParOldGen       total 65024K, used 6886K [0x00000000a0000000, 0x00000000a3f80000, 0x00000000e0000000)
  object space 65024K, 10% used [0x00000000a0000000,0x00000000a06b9ba8,0x00000000a3f80000)
 Metaspace       used 20627K, capacity 21236K, committed 21296K, reserved 1067008K
  class space    used 2875K, capacity 3080K, committed 3120K, reserved 1048576K
}
Event: 12.840 GC heap before
{Heap before GC invocations=7 (full 1):
 PSYoungGen      total 106496K, used 98304K [0x00000000e0000000, 0x00000000ed600000, 0x0000000100000000)
  eden space 98304K, 100% used [0x00000000e0000000,0x00000000e6000000,0x00000000e6000000)
  from space 8192K, 0% used [0x00000000e6000000,0x00000000e6000000,0x00000000e6800000)
  to   space 11264K, 0% used [0x00000000ecb00000,0x00000000ecb00000,0x00000000ed600000)
 ParOldGen       total 65024K, used 6886K [0x00000000a0000000, 0x00000000a3f80000, 0x00000000e0000000)
  object space 65024K, 10% used [0x00000000a0000000,0x00000000a06b9ba8,0x00000000a3f80000)
 Metaspace       used 31384K, capacity 32326K, committed 32432K, reserved 1077248K
  class space    used 4255K, capacity 4472K, committed 4528K, reserved 1048576K
Event: 12.857 GC heap after
Heap after GC invocations=7 (full 1):
 PSYoungGen      total 192000K, used 11260K [0x00000000e0000000, 0x00000000ed600000, 0x0000000100000000)
  eden space 180736K, 0% used [0x00000000e0000000,0x00000000e0000000,0x00000000eb080000)
  from space 11264K, 99% used [0x00000000ecb00000,0x00000000ed5ff070,0x00000000ed600000)
  to   space 13312K, 0% used [0x00000000ebc00000,0x00000000ebc00000,0x00000000ec900000)
 ParOldGen       total 65024K, used 7149K [0x00000000a0000000, 0x00000000a3f80000, 0x00000000e0000000)
  object space 65024K, 10% used [0x00000000a0000000,0x00000000a06fb588,0x00000000a3f80000)
 Metaspace       used 31384K, capacity 32326K, committed 32432K, reserved 1077248K
  class space    used 4255K, capacity 4472K, committed 4528K, reserved 1048576K
}
Event: 15.048 GC heap before
{Heap before GC invocations=8 (full 1):
 PSYoungGen      total 192000K, used 72881K [0x00000000e0000000, 0x00000000ed600000, 0x0000000100000000)
  eden space 180736K, 34% used [0x00000000e0000000,0x00000000e3c2d3a8,0x00000000eb080000)
  from space 11264K, 99% used [0x00000000ecb00000,0x00000000ed5ff070,0x00000000ed600000)
  to   space 13312K, 0% used [0x00000000ebc00000,0x00000000ebc00000,0x00000000ec900000)
 ParOldGen       total 65024K, used 7149K [0x00000000a0000000, 0x00000000a3f80000, 0x00000000e0000000)
  object space 65024K, 10% used [0x00000000a0000000,0x00000000a06fb588,0x00000000a3f80000)
 Metaspace       used 34289K, capacity 35424K, committed 35496K, reserved 1079296K
  class space    used 4716K, capacity 5005K, committed 5032K, reserved 1048576K
Event: 15.067 GC heap after
Heap after GC invocations=8 (full 1):
 PSYoungGen      total 205824K, used 9340K [0x00000000e0000000, 0x00000000f5900000, 0x0000000100000000)
  eden space 192512K, 0% used [0x00000000e0000000,0x00000000e0000000,0x00000000ebc00000)
  from space 13312K, 70% used [0x00000000ebc00000,0x00000000ec51f390,0x00000000ec900000)
  to   space 13312K, 0% used [0x00000000f4c00000,0x00000000f4c00000,0x00000000f5900000)
 ParOldGen       total 65024K, used 7157K [0x00000000a0000000, 0x00000000a3f80000, 0x00000000e0000000)
  object space 65024K, 11% used [0x00000000a0000000,0x00000000a06fd588,0x00000000a3f80000)
 Metaspace       used 34289K, capacity 35424K, committed 35496K, reserved 1079296K
  class space    used 4716K, capacity 5005K, committed 5032K, reserved 1048576K
}
Event: 15.067 GC heap before
{Heap before GC invocations=9 (full 2):
 PSYoungGen      total 205824K, used 9340K [0x00000000e0000000, 0x00000000f5900000, 0x0000000100000000)
  eden space 192512K, 0% used [0x00000000e0000000,0x00000000e0000000,0x00000000ebc00000)
  from space 13312K, 70% used [0x00000000ebc00000,0x00000000ec51f390,0x00000000ec900000)
  to   space 13312K, 0% used [0x00000000f4c00000,0x00000000f4c00000,0x00000000f5900000)
 ParOldGen       total 65024K, used 7157K [0x00000000a0000000, 0x00000000a3f80000, 0x00000000e0000000)
  object space 65024K, 11% used [0x00000000a0000000,0x00000000a06fd588,0x00000000a3f80000)
 Metaspace       used 34289K, capacity 35424K, committed 35496K, reserved 1079296K
  class space    used 4716K, capacity 5005K, committed 5032K, reserved 1048576K
Event: 15.145 GC heap after
Heap after GC invocations=9 (full 2):
 PSYoungGen      total 205824K, used 0K [0x00000000e0000000, 0x00000000f5900000, 0x0000000100000000)
  eden space 192512K, 0% used [0x00000000e0000000,0x00000000e0000000,0x00000000ebc00000)
  from space 13312K, 0% used [0x00000000ebc00000,0x00000000ebc00000,0x00000000ec900000)
  to   space 13312K, 0% used [0x00000000f4c00000,0x00000000f4c00000,0x00000000f5900000)
 ParOldGen       total 89088K, used 15701K [0x00000000a0000000, 0x00000000a5700000, 0x00000000e0000000)
  object space 89088K, 17% used [0x00000000a0000000,0x00000000a0f55618,0x00000000a5700000)
 Metaspace       used 34289K, capacity 35424K, committed 35496K, reserved 1079296K
  class space    used 4716K, capacity 5005K, committed 5032K, reserved 1048576K
}
Event: 18.364 GC heap before
{Heap before GC invocations=10 (full 2):
 PSYoungGen      total 205824K, used 192512K [0x00000000e0000000, 0x00000000f5900000, 0x0000000100000000)
  eden space 192512K, 100% used [0x00000000e0000000,0x00000000ebc00000,0x00000000ebc00000)
  from space 13312K, 0% used [0x00000000ebc00000,0x00000000ebc00000,0x00000000ec900000)
  to   space 13312K, 0% used [0x00000000f4c00000,0x00000000f4c00000,0x00000000f5900000)
 ParOldGen       total 89088K, used 15701K [0x00000000a0000000, 0x00000000a5700000, 0x00000000e0000000)
  object space 89088K, 17% used [0x00000000a0000000,0x00000000a0f55618,0x00000000a5700000)
 Metaspace       used 45542K, capacity 47352K, committed 47528K, reserved 1089536K
  class space    used 6143K, capacity 6507K, committed 6568K, reserved 1048576K
Event: 18.397 GC heap after
Heap after GC invocations=10 (full 2):
 PSYoungGen      total 336896K, used 13311K [0x00000000e0000000, 0x00000000f5f00000, 0x0000000100000000)
  eden space 323584K, 0% used [0x00000000e0000000,0x00000000e0000000,0x00000000f3c00000)
  from space 13312K, 99% used [0x00000000f4c00000,0x00000000f58ffcb0,0x00000000f5900000)
  to   space 16384K, 0% used [0x00000000f3c00000,0x00000000f3c00000,0x00000000f4c00000)
 ParOldGen       total 89088K, used 19708K [0x00000000a0000000, 0x00000000a5700000, 0x00000000e0000000)
  object space 89088K, 22% used [0x00000000a0000000,0x00000000a133f390,0x00000000a5700000)
 Metaspace       used 45542K, capacity 47352K, committed 47528K, reserved 1089536K
  class space    used 6143K, capacity 6507K, committed 6568K, reserved 1048576K
}

