# JRE version: OpenJDK Runtime Environment (8.0_242-b01) (build 1.8.0_242-release-1644-b01)
# Java VM: OpenJDK 64-Bit Server VM (25.242-b01 mixed mode windows-amd64 compressed oops)
Heap:
 PSYoungGen      total 196096K, used 36350K [0x00000000e0000000, 0x00000000ed300000, 0x0000000100000000)
  eden space 178176K, 20% used [0x00000000e0000000,0x00000000e237f820,0x00000000eae00000)
  from space 17920K, 0% used [0x00000000eae00000,0x00000000eae00000,0x00000000ebf80000)
  to   space 12800K, 0% used [0x00000000ebf80000,0x00000000ebf80000,0x00000000ecc00000)
 ParOldGen       total 110080K, used 43185K [0x00000000a0000000, 0x00000000a6b80000, 0x00000000e0000000)
  object space 110080K, 39% used [0x00000000a0000000,0x00000000a2a2c638,0x00000000a6b80000)
 Metaspace       used 59649K, capacity 62040K, committed 62232K, reserved 1103872K
  class space    used 8235K, capacity 8725K, committed 8752K, reserved 1048576K
GC Heap History (10 events):
Event: 7.991 GC heap before
{Heap before GC invocations=10 (full 2):
 PSYoungGen      total 157184K, used 7873K [0x00000000e0000000, 0x00000000eb580000, 0x0000000100000000)
  eden space 144384K, 0% used [0x00000000e0000000,0x00000000e0000000,0x00000000e8d00000)
  from space 12800K, 61% used [0x00000000e9900000,0x00000000ea0b0698,0x00000000ea580000)
  to   space 12288K, 0% used [0x00000000e8d00000,0x00000000e8d00000,0x00000000e9900000)
 ParOldGen       total 71680K, used 7408K [0x00000000a0000000, 0x00000000a4600000, 0x00000000e0000000)
  object space 71680K, 10% used [0x00000000a0000000,0x00000000a073c3a8,0x00000000a4600000)
 Metaspace       used 34334K, capacity 35426K, committed 35496K, reserved 1079296K
  class space    used 4724K, capacity 5006K, committed 5040K, reserved 1048576K
Event: 8.151 GC heap after
Heap after GC invocations=10 (full 2):
 PSYoungGen      total 157184K, used 0K [0x00000000e0000000, 0x00000000eb580000, 0x0000000100000000)
  eden space 144384K, 0% used [0x00000000e0000000,0x00000000e0000000,0x00000000e8d00000)
  from space 12800K, 0% used [0x00000000e9900000,0x00000000e9900000,0x00000000ea580000)
  to   space 12288K, 0% used [0x00000000e8d00000,0x00000000e8d00000,0x00000000e9900000)
 ParOldGen       total 110080K, used 14294K [0x00000000a0000000, 0x00000000a6b80000, 0x00000000e0000000)
  object space 110080K, 12% used [0x00000000a0000000,0x00000000a0df5950,0x00000000a6b80000)
 Metaspace       used 34334K, capacity 35426K, committed 35496K, reserved 1079296K
  class space    used 4724K, capacity 5006K, committed 5040K, reserved 1048576K
}
Event: 10.558 GC heap before
{Heap before GC invocations=11 (full 2):
 PSYoungGen      total 157184K, used 144384K [0x00000000e0000000, 0x00000000eb580000, 0x0000000100000000)
  eden space 144384K, 100% used [0x00000000e0000000,0x00000000e8d00000,0x00000000e8d00000)
  from space 12800K, 0% used [0x00000000e9900000,0x00000000e9900000,0x00000000ea580000)
  to   space 12288K, 0% used [0x00000000e8d00000,0x00000000e8d00000,0x00000000e9900000)
 ParOldGen       total 110080K, used 14294K [0x00000000a0000000, 0x00000000a6b80000, 0x00000000e0000000)
  object space 110080K, 12% used [0x00000000a0000000,0x00000000a0df5950,0x00000000a6b80000)
 Metaspace       used 39967K, capacity 41734K, committed 42024K, reserved 1085440K
  class space    used 5510K, capacity 5904K, committed 5936K, reserved 1048576K
Event: 10.586 GC heap after
Heap after GC invocations=11 (full 2):
 PSYoungGen      total 156672K, used 10491K [0x00000000e0000000, 0x00000000ecc00000, 0x0000000100000000)
  eden space 144384K, 0% used [0x00000000e0000000,0x00000000e0000000,0x00000000e8d00000)
  from space 12288K, 85% used [0x00000000e8d00000,0x00000000e973ef78,0x00000000e9900000)
  to   space 12800K, 0% used [0x00000000ebf80000,0x00000000ebf80000,0x00000000ecc00000)
 ParOldGen       total 110080K, used 14302K [0x00000000a0000000, 0x00000000a6b80000, 0x00000000e0000000)
  object space 110080K, 12% used [0x00000000a0000000,0x00000000a0df7950,0x00000000a6b80000)
 Metaspace       used 39967K, capacity 41734K, committed 42024K, reserved 1085440K
  class space    used 5510K, capacity 5904K, committed 5936K, reserved 1048576K
}
Event: 15.550 GC heap before
{Heap before GC invocations=12 (full 2):
 PSYoungGen      total 156672K, used 154875K [0x00000000e0000000, 0x00000000ecc00000, 0x0000000100000000)
  eden space 144384K, 100% used [0x00000000e0000000,0x00000000e8d00000,0x00000000e8d00000)
  from space 12288K, 85% used [0x00000000e8d00000,0x00000000e973ef78,0x00000000e9900000)
  to   space 12800K, 0% used [0x00000000ebf80000,0x00000000ebf80000,0x00000000ecc00000)
 ParOldGen       total 110080K, used 14302K [0x00000000a0000000, 0x00000000a6b80000, 0x00000000e0000000)
  object space 110080K, 12% used [0x00000000a0000000,0x00000000a0df7950,0x00000000a6b80000)
 Metaspace       used 52104K, capacity 54208K, committed 54312K, reserved 1095680K
  class space    used 6964K, capacity 7414K, committed 7472K, reserved 1048576K
Event: 15.604 GC heap after
Heap after GC invocations=12 (full 2):
 PSYoungGen      total 190976K, used 12796K [0x00000000e0000000, 0x00000000ed300000, 0x0000000100000000)
  eden space 178176K, 0% used [0x00000000e0000000,0x00000000e0000000,0x00000000eae00000)
  from space 12800K, 99% used [0x00000000ebf80000,0x00000000ecbff300,0x00000000ecc00000)
  to   space 17920K, 0% used [0x00000000eae00000,0x00000000eae00000,0x00000000ebf80000)
 ParOldGen       total 110080K, used 24573K [0x00000000a0000000, 0x00000000a6b80000, 0x00000000e0000000)
  object space 110080K, 22% used [0x00000000a0000000,0x00000000a17ff590,0x00000000a6b80000)
 Metaspace       used 52104K, capacity 54208K, committed 54312K, reserved 1095680K
  class space    used 6964K, capacity 7414K, committed 7472K, reserved 1048576K
}
Event: 17.511 GC heap before
{Heap before GC invocations=13 (full 2):
 PSYoungGen      total 190976K, used 97808K [0x00000000e0000000, 0x00000000ed300000, 0x0000000100000000)
  eden space 178176K, 47% used [0x00000000e0000000,0x00000000e5305010,0x00000000eae00000)
  from space 12800K, 99% used [0x00000000ebf80000,0x00000000ecbff300,0x00000000ecc00000)
  to   space 17920K, 0% used [0x00000000eae00000,0x00000000eae00000,0x00000000ebf80000)
 ParOldGen       total 110080K, used 24573K [0x00000000a0000000, 0x00000000a6b80000, 0x00000000e0000000)
  object space 110080K, 22% used [0x00000000a0000000,0x00000000a17ff590,0x00000000a6b80000)
 Metaspace       used 56853K, capacity 59134K, committed 59160K, reserved 1099776K
  class space    used 7777K, capacity 8234K, committed 8240K, reserved 1048576K
Event: 17.569 GC heap after
Heap after GC invocations=13 (full 2):
 PSYoungGen      total 196096K, used 17900K [0x00000000e0000000, 0x00000000ed300000, 0x0000000100000000)
  eden space 178176K, 0% used [0x00000000e0000000,0x00000000e0000000,0x00000000eae00000)
  from space 17920K, 99% used [0x00000000eae00000,0x00000000ebf7b310,0x00000000ebf80000)
  to   space 12800K, 0% used [0x00000000ebf80000,0x00000000ebf80000,0x00000000ecc00000)
 ParOldGen       total 110080K, used 27998K [0x00000000a0000000, 0x00000000a6b80000, 0x00000000e0000000)
  object space 110080K, 25% used [0x00000000a0000000,0x00000000a1b57838,0x00000000a6b80000)
 Metaspace       used 56853K, capacity 59134K, committed 59160K, reserved 1099776K
  class space    used 7777K, capacity 8234K, committed 8240K, reserved 1048576K
}
Event: 17.569 GC heap before
{Heap before GC invocations=14 (full 3):
 PSYoungGen      total 196096K, used 17900K [0x00000000e0000000, 0x00000000ed300000, 0x0000000100000000)
  eden space 178176K, 0% used [0x00000000e0000000,0x00000000e0000000,0x00000000eae00000)
  from space 17920K, 99% used [0x00000000eae00000,0x00000000ebf7b310,0x00000000ebf80000)
  to   space 12800K, 0% used [0x00000000ebf80000,0x00000000ebf80000,0x00000000ecc00000)
 ParOldGen       total 110080K, used 27998K [0x00000000a0000000, 0x00000000a6b80000, 0x00000000e0000000)
  object space 110080K, 25% used [0x00000000a0000000,0x00000000a1b57838,0x00000000a6b80000)
 Metaspace       used 56853K, capacity 59134K, committed 59160K, reserved 1099776K
  class space    used 7777K, capacity 8234K, committed 8240K, reserved 1048576K
Event: 17.938 GC heap after
Heap after GC invocations=14 (full 3):
 PSYoungGen      total 196096K, used 0K [0x00000000e0000000, 0x00000000ed300000, 0x0000000100000000)
  eden space 178176K, 0% used [0x00000000e0000000,0x00000000e0000000,0x00000000eae00000)
  from space 17920K, 0% used [0x00000000eae00000,0x00000000eae00000,0x00000000ebf80000)
  to   space 12800K, 0% used [0x00000000ebf80000,0x00000000ebf80000,0x00000000ecc00000)
 ParOldGen       total 110080K, used 43185K [0x00000000a0000000, 0x00000000a6b80000, 0x00000000e0000000)
  object space 110080K, 39% used [0x00000000a0000000,0x00000000a2a2c638,0x00000000a6b80000)
 Metaspace       used 56837K, capacity 59080K, committed 59160K, reserved 1099776K
  class space    used 7772K, capacity 8225K, committed 8240K, reserved 1048576K
}

